<?xml version="1.0" encoding="UTF-8"?>
<!-- Generated by org.testng.reporters.JUnitReportReporter -->
<testsuite hostname="LAPTOP-KI9HM9P0" failures="2" tests="12" name="executeClass.ExecuteManageProductPage" time="32.701" errors="0" timestamp="24 May 2022 03:45:29 GMT" skipped="0">
  <testcase classname="executeClass.ExecuteManageProductPage" name="verifyTheMoreInfoIsClickableOrNotInManageProductList" time="2.490"/>
  <testcase classname="executeClass.ExecuteManageProductPage" name="verifyTheMoreInfoIsClickableOrNotInManageProductList" time="2.587"/>
  <testcase classname="executeClass.ExecuteManageProductPage" name="isNewButtonEnable" time="3.010"/>
  <testcase classname="executeClass.ExecuteManageProductPage" name="isNewButtonEnable" time="2.626"/>
  <testcase classname="executeClass.ExecuteManageProductPage" name="isSearchButtonEnable" time="2.623"/>
  <testcase classname="executeClass.ExecuteManageProductPage" name="isSearchButtonEnable" time="2.626"/>
  <testcase classname="executeClass.ExecuteManageProductPage" name="verifyTheSearchProduct" time="3.135">
    <failure message="expected [apple] but found [apple P789 Combo]" type="java.lang.AssertionError">
      <![CDATA[java.lang.AssertionError: expected [apple] but found [apple P789 Combo]
at org.testng.Assert.fail(Assert.java:96)
at org.testng.Assert.failNotEquals(Assert.java:776)
at org.testng.Assert.assertEqualsImpl(Assert.java:137)
at org.testng.Assert.assertEquals(Assert.java:118)
at org.testng.Assert.assertEquals(Assert.java:453)
at org.testng.Assert.assertEquals(Assert.java:463)
at executeClass.ExecuteManageProductPage.verifyTheSearchProduct(ExecuteManageProductPage.java:74)
at java.base/jdk.internal.reflect.NativeMethodAccessorImpl.invoke0(Native Method)
at java.base/jdk.internal.reflect.NativeMethodAccessorImpl.invoke(NativeMethodAccessorImpl.java:77)
at java.base/jdk.internal.reflect.DelegatingMethodAccessorImpl.invoke(DelegatingMethodAccessorImpl.java:43)
at java.base/java.lang.reflect.Method.invoke(Method.java:568)
at org.testng.internal.MethodInvocationHelper.invokeMethod(MethodInvocationHelper.java:124)
at org.testng.internal.Invoker.invokeMethod(Invoker.java:583)
at org.testng.internal.Invoker.invokeTestMethod(Invoker.java:719)
at org.testng.internal.Invoker.invokeTestMethods(Invoker.java:989)
at org.testng.internal.TestMethodWorker.invokeTestMethods(TestMethodWorker.java:125)
at org.testng.internal.TestMethodWorker.run(TestMethodWorker.java:109)
at org.testng.TestRunner.privateRun(TestRunner.java:648)
at org.testng.TestRunner.run(TestRunner.java:505)
at org.testng.SuiteRunner.runTest(SuiteRunner.java:455)
at org.testng.SuiteRunner.access$000(SuiteRunner.java:40)
at org.testng.SuiteRunner$SuiteWorker.run(SuiteRunner.java:489)
at org.testng.internal.thread.ThreadUtil$1.call(ThreadUtil.java:52)
at java.base/java.util.concurrent.FutureTask.run(FutureTask.java:264)
at java.base/java.util.concurrent.ThreadPoolExecutor.runWorker(ThreadPoolExecutor.java:1136)
at java.base/java.util.concurrent.ThreadPoolExecutor$Worker.run(ThreadPoolExecutor.java:635)
at java.base/java.lang.Thread.run(Thread.java:833)
]]>
    </failure>
  </testcase> <!-- verifyTheSearchProduct -->
  <testcase classname="executeClass.ExecuteManageProductPage" name="verifyTheSearchProduct" time="3.113">
    <failure message="expected [apple] but found [apple P789 Combo]" type="java.lang.AssertionError">
      <![CDATA[java.lang.AssertionError: expected [apple] but found [apple P789 Combo]
at org.testng.Assert.fail(Assert.java:96)
at org.testng.Assert.failNotEquals(Assert.java:776)
at org.testng.Assert.assertEqualsImpl(Assert.java:137)
at org.testng.Assert.assertEquals(Assert.java:118)
at org.testng.Assert.assertEquals(Assert.java:453)
at org.testng.Assert.assertEquals(Assert.java:463)
at executeClass.ExecuteManageProductPage.verifyTheSearchProduct(ExecuteManageProductPage.java:74)
at java.base/jdk.internal.reflect.NativeMethodAccessorImpl.invoke0(Native Method)
at java.base/jdk.internal.reflect.NativeMethodAccessorImpl.invoke(NativeMethodAccessorImpl.java:77)
at java.base/jdk.internal.reflect.DelegatingMethodAccessorImpl.invoke(DelegatingMethodAccessorImpl.java:43)
at java.base/java.lang.reflect.Method.invoke(Method.java:568)
at org.testng.internal.MethodInvocationHelper.invokeMethod(MethodInvocationHelper.java:124)
at org.testng.internal.Invoker.invokeMethod(Invoker.java:583)
at org.testng.internal.Invoker.invokeTestMethod(Invoker.java:719)
at org.testng.internal.Invoker.invokeTestMethods(Invoker.java:989)
at org.testng.internal.TestMethodWorker.invokeTestMethods(TestMethodWorker.java:125)
at org.testng.internal.TestMethodWorker.run(TestMethodWorker.java:109)
at org.testng.TestRunner.privateRun(TestRunner.java:648)
at org.testng.TestRunner.run(TestRunner.java:505)
at org.testng.SuiteRunner.runTest(SuiteRunner.java:455)
at org.testng.SuiteRunner.access$000(SuiteRunner.java:40)
at org.testng.SuiteRunner$SuiteWorker.run(SuiteRunner.java:489)
at org.testng.internal.thread.ThreadUtil$1.call(ThreadUtil.java:52)
at java.base/java.util.concurrent.FutureTask.run(FutureTask.java:264)
at java.base/java.util.concurrent.ThreadPoolExecutor.runWorker(ThreadPoolExecutor.java:1136)
at java.base/java.util.concurrent.ThreadPoolExecutor$Worker.run(ThreadPoolExecutor.java:635)
at java.base/java.lang.Thread.run(Thread.java:833)
]]>
    </failure>
  </testcase> <!-- verifyTheSearchProduct -->
  <testcase classname="executeClass.ExecuteManageProductPage" name="isEditButtonInProduct" time="2.670"/>
  <testcase classname="executeClass.ExecuteManageProductPage" name="isEditButtonInProduct" time="2.504"/>
  <testcase classname="executeClass.ExecuteManageProductPage" name="VerifyTheManageProductToHomePage" time="2.608"/>
  <testcase classname="executeClass.ExecuteManageProductPage" name="VerifyTheManageProductToHomePage" time="2.709"/>
</testsuite> <!-- executeClass.ExecuteManageProductPage -->
