<?xml version="1.0" encoding="UTF-8"?>
<!-- Generated by org.testng.reporters.JUnitReportReporter -->
<testsuite hostname="LAPTOP-KI9HM9P0" failures="0" tests="12" name="executeClass.ExecuteMangePage" time="34.288" errors="1" timestamp="19 May 2022 09:09:53 GMT" skipped="10">
  <testcase classname="executeClass.ExecuteMangePage" name="verifyTheNewProductAdd" time="16.207"/>
  <testcase classname="executeClass.ExecuteMangePage" name="verifyTheNewProductAdd" time="18.081">
    <error message="element click intercepted: Element is not clickable at point (334, 755)
  (Session info: MicrosoftEdge=101.0.1210.47)
Build info: version: &#039;4.1.2&#039;, revision: &#039;9a5a329c5a&#039;
System info: host: &#039;LAPTOP-KI9HM9P0&#039;, ip: &#039;192.168.0.153&#039;, os.name: &#039;Windows 11&#039;, os.arch: &#039;amd64&#039;, os.version: &#039;10.0&#039;, java.version: &#039;17.0.2&#039;
Driver info: org.openqa.selenium.edge.EdgeDriver
Command: [d2529feb61c631f606baa5807da89e1e, clickElement {id=7418b74f-25f0-4cf2-90dc-a9ecfa9051e2}]
Capabilities {acceptInsecureCerts: false, browserName: msedge, browserVersion: 101.0.1210.47, javascriptEnabled: true, ms:edgeOptions: {debuggerAddress: localhost:62979}, msedge: {msedgedriverVersion: 101.0.1210.47 (f5323bd54bb6..., userDataDir: C:\Users\nidhi\AppData\Loca...}, networkConnectionEnabled: false, pageLoadStrategy: normal, platform: WINDOWS, platformName: WINDOWS, proxy: Proxy(), se:cdp: ws://localhost:62979/devtoo..., se:cdpVersion: 101.0.1210.47, setWindowRect: true, strictFileInteractability: false, timeouts: {implicit: 0, pageLoad: 300000, script: 30000}, unhandledPromptBehavior: dismiss and notify, webauthn:extension:credBlob: true, webauthn:extension:largeBlob: true, webauthn:virtualAuthenticators: true}
Element: [[EdgeDriver: msedge on WINDOWS (d2529feb61c631f606baa5807da89e1e)] -&gt; xpath: //button[@class=&#039;btn btn-danger&#039;]]
Session ID: d2529feb61c631f606baa5807da89e1e" type="org.openqa.selenium.ElementClickInterceptedException">
      <![CDATA[org.openqa.selenium.ElementClickInterceptedException: element click intercepted: Element is not clickable at point (334, 755)
  (Session info: MicrosoftEdge=101.0.1210.47)
Build info: version: '4.1.2', revision: '9a5a329c5a'
System info: host: 'LAPTOP-KI9HM9P0', ip: '192.168.0.153', os.name: 'Windows 11', os.arch: 'amd64', os.version: '10.0', java.version: '17.0.2'
Driver info: org.openqa.selenium.edge.EdgeDriver
Command: [d2529feb61c631f606baa5807da89e1e, clickElement {id=7418b74f-25f0-4cf2-90dc-a9ecfa9051e2}]
Capabilities {acceptInsecureCerts: false, browserName: msedge, browserVersion: 101.0.1210.47, javascriptEnabled: true, ms:edgeOptions: {debuggerAddress: localhost:62979}, msedge: {msedgedriverVersion: 101.0.1210.47 (f5323bd54bb6..., userDataDir: C:\Users\nidhi\AppData\Loca...}, networkConnectionEnabled: false, pageLoadStrategy: normal, platform: WINDOWS, platformName: WINDOWS, proxy: Proxy(), se:cdp: ws://localhost:62979/devtoo..., se:cdpVersion: 101.0.1210.47, setWindowRect: true, strictFileInteractability: false, timeouts: {implicit: 0, pageLoad: 300000, script: 30000}, unhandledPromptBehavior: dismiss and notify, webauthn:extension:credBlob: true, webauthn:extension:largeBlob: true, webauthn:virtualAuthenticators: true}
Element: [[EdgeDriver: msedge on WINDOWS (d2529feb61c631f606baa5807da89e1e)] -> xpath: //button[@class='btn btn-danger']]
Session ID: d2529feb61c631f606baa5807da89e1e
at java.base/jdk.internal.reflect.NativeConstructorAccessorImpl.newInstance0(Native Method)
at java.base/jdk.internal.reflect.NativeConstructorAccessorImpl.newInstance(NativeConstructorAccessorImpl.java:77)
at java.base/jdk.internal.reflect.DelegatingConstructorAccessorImpl.newInstance(DelegatingConstructorAccessorImpl.java:45)
at java.base/java.lang.reflect.Constructor.newInstanceWithCaller(Constructor.java:499)
at java.base/java.lang.reflect.Constructor.newInstance(Constructor.java:480)
at org.openqa.selenium.remote.codec.w3c.W3CHttpResponseCodec.createException(W3CHttpResponseCodec.java:200)
at org.openqa.selenium.remote.codec.w3c.W3CHttpResponseCodec.decode(W3CHttpResponseCodec.java:133)
at org.openqa.selenium.remote.codec.w3c.W3CHttpResponseCodec.decode(W3CHttpResponseCodec.java:53)
at org.openqa.selenium.remote.HttpCommandExecutor.execute(HttpCommandExecutor.java:184)
at org.openqa.selenium.remote.service.DriverCommandExecutor.invokeExecute(DriverCommandExecutor.java:167)
at org.openqa.selenium.remote.service.DriverCommandExecutor.execute(DriverCommandExecutor.java:142)
at org.openqa.selenium.remote.RemoteWebDriver.execute(RemoteWebDriver.java:558)
at org.openqa.selenium.remote.RemoteWebElement.execute(RemoteWebElement.java:251)
at org.openqa.selenium.remote.RemoteWebElement.click(RemoteWebElement.java:77)
at java.base/jdk.internal.reflect.NativeMethodAccessorImpl.invoke0(Native Method)
at java.base/jdk.internal.reflect.NativeMethodAccessorImpl.invoke(NativeMethodAccessorImpl.java:77)
at java.base/jdk.internal.reflect.DelegatingMethodAccessorImpl.invoke(DelegatingMethodAccessorImpl.java:43)
at java.base/java.lang.reflect.Method.invoke(Method.java:568)
at org.openqa.selenium.support.pagefactory.internal.LocatingElementHandler.invoke(LocatingElementHandler.java:52)
at jdk.proxy2/jdk.proxy2.$Proxy17.click(Unknown Source)
at utilities.GeneralUtilities.clickElement(GeneralUtilities.java:28)
at elementRepository.ManagePage.fileSave(ManagePage.java:74)
at executeClass.ExecuteMangePage.verifyTheNewProductAdd(ExecuteMangePage.java:103)
at java.base/jdk.internal.reflect.NativeMethodAccessorImpl.invoke0(Native Method)
at java.base/jdk.internal.reflect.NativeMethodAccessorImpl.invoke(NativeMethodAccessorImpl.java:77)
at java.base/jdk.internal.reflect.DelegatingMethodAccessorImpl.invoke(DelegatingMethodAccessorImpl.java:43)
at java.base/java.lang.reflect.Method.invoke(Method.java:568)
at org.testng.internal.MethodInvocationHelper.invokeMethod(MethodInvocationHelper.java:124)
at org.testng.internal.Invoker.invokeMethod(Invoker.java:583)
at org.testng.internal.Invoker.invokeTestMethod(Invoker.java:719)
at org.testng.internal.Invoker.invokeTestMethods(Invoker.java:989)
at org.testng.internal.TestMethodWorker.invokeTestMethods(TestMethodWorker.java:125)
at org.testng.internal.TestMethodWorker.run(TestMethodWorker.java:109)
at org.testng.TestRunner.privateRun(TestRunner.java:648)
at org.testng.TestRunner.run(TestRunner.java:505)
at org.testng.SuiteRunner.runTest(SuiteRunner.java:455)
at org.testng.SuiteRunner.access$000(SuiteRunner.java:40)
at org.testng.SuiteRunner$SuiteWorker.run(SuiteRunner.java:489)
at org.testng.internal.thread.ThreadUtil$1.call(ThreadUtil.java:52)
at java.base/java.util.concurrent.FutureTask.run(FutureTask.java:264)
at java.base/java.util.concurrent.ThreadPoolExecutor.runWorker(ThreadPoolExecutor.java:1136)
at java.base/java.util.concurrent.ThreadPoolExecutor$Worker.run(ThreadPoolExecutor.java:635)
at java.base/java.lang.Thread.run(Thread.java:833)
]]>
    </error>
  </testcase> <!-- verifyTheNewProductAdd -->
  <testcase classname="executeClass.ExecuteMangePage" name="verifyTheMoreInfoIsClickableOrNotInManagePageList">
    <skipped/>
  </testcase> <!-- verifyTheMoreInfoIsClickableOrNotInManagePageList -->
  <testcase classname="executeClass.ExecuteMangePage" name="isSearchFunctionalityWorkingFineOrNot">
    <skipped/>
  </testcase> <!-- isSearchFunctionalityWorkingFineOrNot -->
  <testcase classname="executeClass.ExecuteMangePage" name="verifyTheMoreInfoIsClickableOrNotInManagePageList">
    <skipped/>
  </testcase> <!-- verifyTheMoreInfoIsClickableOrNotInManagePageList -->
  <testcase classname="executeClass.ExecuteMangePage" name="isSearchFunctionalityWorkingFineOrNot">
    <skipped/>
  </testcase> <!-- isSearchFunctionalityWorkingFineOrNot -->
  <testcase classname="executeClass.ExecuteMangePage" name="isNewButtonDisplayed">
    <skipped/>
  </testcase> <!-- isNewButtonDisplayed -->
  <testcase classname="executeClass.ExecuteMangePage" name="verifyTheMangePageToHomePage">
    <skipped/>
  </testcase> <!-- verifyTheMangePageToHomePage -->
  <testcase classname="executeClass.ExecuteMangePage" name="isNewButtonDisplayed">
    <skipped/>
  </testcase> <!-- isNewButtonDisplayed -->
  <testcase classname="executeClass.ExecuteMangePage" name="verifyTheMangePageToHomePage">
    <skipped/>
  </testcase> <!-- verifyTheMangePageToHomePage -->
  <testcase classname="executeClass.ExecuteMangePage" name="isafterUpdateAlertMessage">
    <skipped/>
  </testcase> <!-- isafterUpdateAlertMessage -->
  <testcase classname="executeClass.ExecuteMangePage" name="isafterUpdateAlertMessage">
    <skipped/>
  </testcase> <!-- isafterUpdateAlertMessage -->
</testsuite> <!-- executeClass.ExecuteMangePage -->
