<!DOCTYPE html PUBLIC "-//W3C//DTD XHTML 1.1//EN" "http://www.w3.org/TR/xhtml11/DTD/xhtml11.dtd">
<html xmlns="http://www.w3.org/1999/xhtml">
<head>
<meta http-equiv="content-type" content="text/html; charset=UTF-8"/>
<title>TestNG Report</title>
<style type="text/css">table {margin-bottom:10px;border-collapse:collapse;empty-cells:show}th,td {border:1px solid #009;padding:.25em .5em}th {vertical-align:bottom}td {vertical-align:top}table a {font-weight:bold}.stripe td {background-color: #E6EBF9}.num {text-align:right}.passedodd td {background-color: #3F3}.passedeven td {background-color: #0A0}.skippedodd td {background-color: #DDD}.skippedeven td {background-color: #CCC}.failedodd td,.attn {background-color: #F33}.failedeven td,.stripe .attn {background-color: #D00}.stacktrace {white-space:pre;font-family:monospace}.totop {font-size:85%;text-align:center;border-bottom:2px solid #000}.invisible {display:none}</style>
</head>
<body>
<table>
<tr><th>Test</th><th># Passed</th><th># Skipped</th><th># Failed</th><th>Time (ms)</th><th>Included Groups</th><th>Excluded Groups</th></tr>
<tr><th colspan="7">Cross Browser Test Suite</th></tr>
<tr><td><a href="#t0">Chrome Browser Test</a></td><td class="num">28</td><td class="num">0</td><td class="num attn">4</td><td class="num">118,721</td><td></td><td></td></tr>
<tr class="stripe"><td><a href="#t1">Edge Browser Test</a></td><td class="num">28</td><td class="num">0</td><td class="num attn">4</td><td class="num">121,419</td><td></td><td></td></tr>
<tr><th>Total</th><th class="num">56</th><th class="num">0</th><th class="num attn">8</th><th class="num">240,140</th><th colspan="2"></th></tr>
</table>
<table id='summary'><thead><tr><th>Class</th><th>Method</th><th>Start</th><th>Time (ms)</th></tr></thead><tbody><tr><th colspan="4">Cross Browser Test Suite</th></tr></tbody><tbody id="t0"><tr><th colspan="4">Chrome Browser Test &#8212; failed</th></tr><tr class="failedeven"><td rowspan="3">executeClass.ExecuteLoginPage</td><td><a href="#m0">verifyUnsuccessfulLogin</a></td><td rowspan="3">1653363845730</td><td rowspan="3">10477</td></tr><tr class="failedeven"><td><a href="#m1">verifyUnsuccessfulLogin</a></td></tr><tr class="failedeven"><td><a href="#m2">verifyUnsuccessfulLogin</a></td></tr><tr class="failedodd"><td rowspan="1">executeClass.ExecuteManageProductPage</td><td><a href="#m3">verifyTheSearchProduct</a></td><td rowspan="1">1653363908960</td><td rowspan="1">1632</td></tr><tr><th colspan="4">Chrome Browser Test &#8212; passed</th></tr><tr class="passedeven"><td rowspan="4">executeClass.ExecuteAdminUserPage</td><td><a href="#m4">isActiveButtonEnable</a></td><td rowspan="1">1653363903589</td><td rowspan="1">1242</td></tr><tr class="passedeven"><td><a href="#m5">isNewButtonDisplayed</a></td><td rowspan="1">1653363817165</td><td rowspan="1">854</td></tr><tr class="passedeven"><td><a href="#m6">isSearchButtonEnable</a></td><td rowspan="1">1653363885121</td><td rowspan="1">1021</td></tr><tr class="passedeven"><td><a href="#m7">verifyAddTheNewAdminUser</a></td><td rowspan="1">1653363834953</td><td rowspan="1">1637</td></tr><tr class="passedodd"><td rowspan="6">executeClass.ExecuteCategoryPage</td><td><a href="#m8">isNewButtonEnable</a></td><td rowspan="1">1653363838106</td><td rowspan="1">1046</td></tr><tr class="passedodd"><td><a href="#m9">isSearchButtonEnable</a></td><td rowspan="1">1653363887549</td><td rowspan="1">1024</td></tr><tr class="passedodd"><td><a href="#m10">isSearchFunctionalityWorkingFineOrNot</a></td><td rowspan="1">1653363906255</td><td rowspan="1">1101</td></tr><tr class="passedodd"><td><a href="#m11">isSearchValueActiveEnable</a></td><td rowspan="1">1653363917686</td><td rowspan="1">923</td></tr><tr class="passedodd"><td><a href="#m12">verifyTheCategoryToHomePage</a></td><td rowspan="1">1653363922731</td><td rowspan="1">1202</td></tr><tr class="passedodd"><td><a href="#m13">verifyTheMoreInfoIsClickableOrNotInCategoryPageList</a></td><td rowspan="1">1653363819589</td><td rowspan="1">995</td></tr><tr class="passedeven"><td rowspan="2">executeClass.ExecuteDashboardPage</td><td><a href="#m14">isDashboardPageDisplayed</a></td><td rowspan="1">1653363812443</td><td rowspan="1">651</td></tr><tr class="passedeven"><td><a href="#m15">verifyTheLogut</a></td><td rowspan="1">1653363830097</td><td rowspan="1">914</td></tr><tr class="passedodd"><td rowspan="2">executeClass.ExecuteLoginPage</td><td><a href="#m16">verifyTheSuccessfulLogin</a></td><td rowspan="1">1653363827061</td><td rowspan="1">1461</td></tr><tr class="passedodd"><td><a href="#m17">verifyThecheckBox</a></td><td rowspan="1">1653363810574</td><td rowspan="1">241</td></tr><tr class="passedeven"><td rowspan="4">executeClass.ExecuteManageOfferCodePage</td><td><a href="#m18">VerifyTheManageProductToHomePage</a></td><td rowspan="1">1653363912286</td><td rowspan="1">1079</td></tr><tr class="passedeven"><td><a href="#m19">isNewButtonEnable</a></td><td rowspan="1">1653363843125</td><td rowspan="1">951</td></tr><tr class="passedeven"><td><a href="#m20">isSearchButtonEnable</a></td><td rowspan="1">1653363892610</td><td rowspan="1">800</td></tr><tr class="passedeven"><td><a href="#m21">verifyTheMoreInfoIsClickableOrNotInManageOfferCode</a></td><td rowspan="1">1653363824537</td><td rowspan="1">1012</td></tr><tr class="passedodd"><td rowspan="5">executeClass.ExecuteManageProductPage</td><td><a href="#m22">VerifyTheManageProductToHomePage</a></td><td rowspan="1">1653363925658</td><td rowspan="1">1111</td></tr><tr class="passedodd"><td><a href="#m23">isEditButtonInProduct</a></td><td rowspan="1">1653363920274</td><td rowspan="1">883</td></tr><tr class="passedodd"><td><a href="#m24">isNewButtonEnable</a></td><td rowspan="1">1653363840676</td><td rowspan="1">910</td></tr><tr class="passedodd"><td><a href="#m25">isSearchButtonEnable</a></td><td rowspan="1">1653363890058</td><td rowspan="1">1027</td></tr><tr class="passedodd"><td><a href="#m26">verifyTheMoreInfoIsClickableOrNotInManageProductList</a></td><td rowspan="1">1653363822033</td><td rowspan="1">1045</td></tr><tr class="passedeven"><td rowspan="5">executeClass.ExecuteMangePage</td><td><a href="#m27">isNewButtonDisplayed</a></td><td rowspan="1">1653363832605</td><td rowspan="1">910</td></tr><tr class="passedeven"><td><a href="#m28">isSearchFunctionalityWorkingFineOrNot</a></td><td rowspan="1">1653363882547</td><td rowspan="1">1050</td></tr><tr class="passedeven"><td><a href="#m29">isafterUpdateAlertMessage</a></td><td rowspan="1">1653363895203</td><td rowspan="1">6862</td></tr><tr class="passedeven"><td><a href="#m30">verifyTheMangePageToHomePage</a></td><td rowspan="1">1653363914858</td><td rowspan="1">1311</td></tr><tr class="passedeven"><td><a href="#m31">verifyTheMoreInfoIsClickableOrNotInManagePageList</a></td><td rowspan="1">1653363814725</td><td rowspan="1">936</td></tr></tbody>
<tbody id="t1"><tr><th colspan="4">Edge Browser Test &#8212; failed</th></tr><tr class="failedeven"><td rowspan="3">executeClass.ExecuteLoginPage</td><td><a href="#m32">verifyUnsuccessfulLogin</a></td><td rowspan="3">1653363847116</td><td rowspan="3">10402</td></tr><tr class="failedeven"><td><a href="#m33">verifyUnsuccessfulLogin</a></td></tr><tr class="failedeven"><td><a href="#m34">verifyUnsuccessfulLogin</a></td></tr><tr class="failedodd"><td rowspan="1">executeClass.ExecuteManageProductPage</td><td><a href="#m35">verifyTheSearchProduct</a></td><td rowspan="1">1653363911045</td><td rowspan="1">1525</td></tr><tr><th colspan="4">Edge Browser Test &#8212; passed</th></tr><tr class="passedeven"><td rowspan="4">executeClass.ExecuteAdminUserPage</td><td><a href="#m36">isActiveButtonEnable</a></td><td rowspan="1">1653363905621</td><td rowspan="1">917</td></tr><tr class="passedeven"><td><a href="#m37">isNewButtonDisplayed</a></td><td rowspan="1">1653363817721</td><td rowspan="1">1120</td></tr><tr class="passedeven"><td><a href="#m38">isSearchButtonEnable</a></td><td rowspan="1">1653363886814</td><td rowspan="1">888</td></tr><tr class="passedeven"><td><a href="#m39">verifyAddTheNewAdminUser</a></td><td rowspan="1">1653363836066</td><td rowspan="1">1603</td></tr><tr class="passedodd"><td rowspan="6">executeClass.ExecuteCategoryPage</td><td><a href="#m40">isNewButtonEnable</a></td><td rowspan="1">1653363839354</td><td rowspan="1">941</td></tr><tr class="passedodd"><td><a href="#m41">isSearchButtonEnable</a></td><td rowspan="1">1653363889425</td><td rowspan="1">922</td></tr><tr class="passedodd"><td><a href="#m42">isSearchFunctionalityWorkingFineOrNot</a></td><td rowspan="1">1653363908248</td><td rowspan="1">1113</td></tr><tr class="passedodd"><td><a href="#m43">isSearchValueActiveEnable</a></td><td rowspan="1">1653363920029</td><td rowspan="1">979</td></tr><tr class="passedodd"><td><a href="#m44">verifyTheCategoryToHomePage</a></td><td rowspan="1">1653363925455</td><td rowspan="1">1193</td></tr><tr class="passedodd"><td><a href="#m45">verifyTheMoreInfoIsClickableOrNotInCategoryPageList</a></td><td rowspan="1">1653363820465</td><td rowspan="1">1059</td></tr><tr class="passedeven"><td rowspan="2">executeClass.ExecuteDashboardPage</td><td><a href="#m46">isDashboardPageDisplayed</a></td><td rowspan="1">1653363812586</td><td rowspan="1">561</td></tr><tr class="passedeven"><td><a href="#m47">verifyTheLogut</a></td><td rowspan="1">1653363830748</td><td rowspan="1">967</td></tr><tr class="passedodd"><td rowspan="2">executeClass.ExecuteLoginPage</td><td><a href="#m48">verifyTheSuccessfulLogin</a></td><td rowspan="1">1653363828157</td><td rowspan="1">670</td></tr><tr class="passedodd"><td><a href="#m49">verifyThecheckBox</a></td><td rowspan="1">1653363810602</td><td rowspan="1">217</td></tr><tr class="passedeven"><td rowspan="4">executeClass.ExecuteManageOfferCodePage</td><td><a href="#m50">VerifyTheManageProductToHomePage</a></td><td rowspan="1">1653363914365</td><td rowspan="1">1062</td></tr><tr class="passedeven"><td><a href="#m51">isNewButtonEnable</a></td><td rowspan="1">1653363844702</td><td rowspan="1">794</td></tr><tr class="passedeven"><td><a href="#m52">isSearchButtonEnable</a></td><td rowspan="1">1653363894661</td><td rowspan="1">839</td></tr><tr class="passedeven"><td><a href="#m53">verifyTheMoreInfoIsClickableOrNotInManageOfferCode</a></td><td rowspan="1">1653363825672</td><td rowspan="1">868</td></tr><tr class="passedodd"><td rowspan="5">executeClass.ExecuteManageProductPage</td><td><a href="#m54">VerifyTheManageProductToHomePage</a></td><td rowspan="1">1653363928273</td><td rowspan="1">1146</td></tr><tr class="passedodd"><td><a href="#m55">isEditButtonInProduct</a></td><td rowspan="1">1653363922853</td><td rowspan="1">852</td></tr><tr class="passedodd"><td><a href="#m56">isNewButtonEnable</a></td><td rowspan="1">1653363841933</td><td rowspan="1">1040</td></tr><tr class="passedodd"><td><a href="#m57">isSearchButtonEnable</a></td><td rowspan="1">1653363892008</td><td rowspan="1">951</td></tr><tr class="passedodd"><td><a href="#m58">verifyTheMoreInfoIsClickableOrNotInManageProductList</a></td><td rowspan="1">1653363823093</td><td rowspan="1">974</td></tr><tr class="passedeven"><td rowspan="5">executeClass.ExecuteMangePage</td><td><a href="#m59">isNewButtonDisplayed</a></td><td rowspan="1">1653363833375</td><td rowspan="1">1056</td></tr><tr class="passedeven"><td><a href="#m60">isSearchFunctionalityWorkingFineOrNot</a></td><td rowspan="1">1653363883931</td><td rowspan="1">1153</td></tr><tr class="passedeven"><td><a href="#m61">isafterUpdateAlertMessage</a></td><td rowspan="1">1653363897145</td><td rowspan="1">6696</td></tr><tr class="passedeven"><td><a href="#m62">verifyTheMangePageToHomePage</a></td><td rowspan="1">1653363917100</td><td rowspan="1">1133</td></tr><tr class="passedeven"><td><a href="#m63">verifyTheMoreInfoIsClickableOrNotInManagePageList</a></td><td rowspan="1">1653363815030</td><td rowspan="1">937</td></tr></tbody>
</table>
<h2>Chrome Browser Test</h2><h3 id="m0">executeClass.ExecuteLoginPage#verifyUnsuccessfulLogin</h3><table class="result"><tr class="param"><th>Parameter #1</th><th>Parameter #2</th></tr><tr class="param stripe"><td>admin</td><td>admin123</td></tr><tr><th colspan="2">Exception</th></tr><tr><td colspan="2"><div class="stacktrace">org.openqa.selenium.NoSuchElementException: no such element: Unable to locate element: {&quot;method&quot;:&quot;xpath&quot;,&quot;selector&quot;:&quot;(//a[@class=&apos;nav-link&apos;])[2]&quot;}
  (Session info: chrome=101.0.4951.67)
For documentation on this error, please visit: https://selenium.dev/exceptions/#no_such_element
Build info: version: &apos;4.1.2&apos;, revision: &apos;9a5a329c5a&apos;
System info: host: &apos;LAPTOP-KI9HM9P0&apos;, ip: &apos;192.168.0.153&apos;, os.name: &apos;Windows 11&apos;, os.arch: &apos;amd64&apos;, os.version: &apos;10.0&apos;, java.version: &apos;17.0.2&apos;
Driver info: org.openqa.selenium.chrome.ChromeDriver
Command: [d590bbde8f052eab5504749f258493df, findElement {using=xpath, value=(//a[@class=&apos;nav-link&apos;])[2]}]
Capabilities {acceptInsecureCerts: false, browserName: chrome, browserVersion: 101.0.4951.67, chrome: {chromedriverVersion: 101.0.4951.41 (93c720db8323..., userDataDir: C:\Users\nidhi\AppData\Loca...}, goog:chromeOptions: {debuggerAddress: localhost:51809}, javascriptEnabled: true, networkConnectionEnabled: false, pageLoadStrategy: normal, platform: WINDOWS, platformName: WINDOWS, proxy: Proxy(), se:cdp: ws://localhost:51809/devtoo..., se:cdpVersion: 101.0.4951.67, setWindowRect: true, strictFileInteractability: false, timeouts: {implicit: 0, pageLoad: 300000, script: 30000}, unhandledPromptBehavior: dismiss and notify, webauthn:extension:credBlob: true, webauthn:extension:largeBlob: true, webauthn:virtualAuthenticators: true}
Session ID: d590bbde8f052eab5504749f258493df
	at org.openqa.selenium.remote.codec.w3c.W3CHttpResponseCodec.createException(W3CHttpResponseCodec.java:200)
	at org.openqa.selenium.remote.codec.w3c.W3CHttpResponseCodec.decode(W3CHttpResponseCodec.java:133)
	at org.openqa.selenium.remote.codec.w3c.W3CHttpResponseCodec.decode(W3CHttpResponseCodec.java:53)
	at org.openqa.selenium.remote.HttpCommandExecutor.execute(HttpCommandExecutor.java:184)
	at org.openqa.selenium.remote.service.DriverCommandExecutor.invokeExecute(DriverCommandExecutor.java:167)
	at org.openqa.selenium.remote.service.DriverCommandExecutor.execute(DriverCommandExecutor.java:142)
	at org.openqa.selenium.remote.RemoteWebDriver.execute(RemoteWebDriver.java:558)
	at org.openqa.selenium.remote.ElementLocation$ElementFinder$2.findElement(ElementLocation.java:162)
	at org.openqa.selenium.remote.ElementLocation.findElement(ElementLocation.java:60)
	at org.openqa.selenium.remote.RemoteWebDriver.findElement(RemoteWebDriver.java:382)
	at org.openqa.selenium.remote.RemoteWebDriver.findElement(RemoteWebDriver.java:374)
	at org.openqa.selenium.support.pagefactory.DefaultElementLocator.findElement(DefaultElementLocator.java:70)
	at org.openqa.selenium.support.pagefactory.internal.LocatingElementHandler.invoke(LocatingElementHandler.java:39)
	at jdk.proxy2/jdk.proxy2.$Proxy17.getText(Unknown Source)
	at utilities.GeneralUtilities.getValues(GeneralUtilities.java:17)
	at elementRepository.LoginPage.userPage(LoginPage.java:53)
	at executeClass.ExecuteLoginPage.verifyUnsuccessfulLogin(ExecuteLoginPage.java:47)
	at java.base/java.util.concurrent.FutureTask.run(FutureTask.java:264)
	at java.base/java.util.concurrent.ThreadPoolExecutor.runWorker(ThreadPoolExecutor.java:1136)
	at java.base/java.util.concurrent.ThreadPoolExecutor$Worker.run(ThreadPoolExecutor.java:635)
	at java.base/java.lang.Thread.run(Thread.java:833)
... Removed 21 stack frames</div></td></tr></table><p class="totop"><a href="#summary">back to summary</a></p>
<h3 id="m1">executeClass.ExecuteLoginPage#verifyUnsuccessfulLogin</h3><table class="result"><tr class="param"><th>Parameter #1</th><th>Parameter #2</th></tr><tr class="param stripe"><td>admin123</td><td>admin</td></tr><tr><th colspan="2">Exception</th></tr><tr><td colspan="2"><div class="stacktrace">org.openqa.selenium.NoSuchElementException: no such element: Unable to locate element: {&quot;method&quot;:&quot;xpath&quot;,&quot;selector&quot;:&quot;(//a[@class=&apos;nav-link&apos;])[2]&quot;}
  (Session info: chrome=101.0.4951.67)
For documentation on this error, please visit: https://selenium.dev/exceptions/#no_such_element
Build info: version: &apos;4.1.2&apos;, revision: &apos;9a5a329c5a&apos;
System info: host: &apos;LAPTOP-KI9HM9P0&apos;, ip: &apos;192.168.0.153&apos;, os.name: &apos;Windows 11&apos;, os.arch: &apos;amd64&apos;, os.version: &apos;10.0&apos;, java.version: &apos;17.0.2&apos;
Driver info: org.openqa.selenium.chrome.ChromeDriver
Command: [a9a8db68f4040c799dcedabd3bf48c22, findElement {using=xpath, value=(//a[@class=&apos;nav-link&apos;])[2]}]
Capabilities {acceptInsecureCerts: false, browserName: chrome, browserVersion: 101.0.4951.67, chrome: {chromedriverVersion: 101.0.4951.41 (93c720db8323..., userDataDir: C:\Users\nidhi\AppData\Loca...}, goog:chromeOptions: {debuggerAddress: localhost:51902}, javascriptEnabled: true, networkConnectionEnabled: false, pageLoadStrategy: normal, platform: WINDOWS, platformName: WINDOWS, proxy: Proxy(), se:cdp: ws://localhost:51902/devtoo..., se:cdpVersion: 101.0.4951.67, setWindowRect: true, strictFileInteractability: false, timeouts: {implicit: 0, pageLoad: 300000, script: 30000}, unhandledPromptBehavior: dismiss and notify, webauthn:extension:credBlob: true, webauthn:extension:largeBlob: true, webauthn:virtualAuthenticators: true}
Session ID: a9a8db68f4040c799dcedabd3bf48c22
	at org.openqa.selenium.remote.codec.w3c.W3CHttpResponseCodec.createException(W3CHttpResponseCodec.java:200)
	at org.openqa.selenium.remote.codec.w3c.W3CHttpResponseCodec.decode(W3CHttpResponseCodec.java:133)
	at org.openqa.selenium.remote.codec.w3c.W3CHttpResponseCodec.decode(W3CHttpResponseCodec.java:53)
	at org.openqa.selenium.remote.HttpCommandExecutor.execute(HttpCommandExecutor.java:184)
	at org.openqa.selenium.remote.service.DriverCommandExecutor.invokeExecute(DriverCommandExecutor.java:167)
	at org.openqa.selenium.remote.service.DriverCommandExecutor.execute(DriverCommandExecutor.java:142)
	at org.openqa.selenium.remote.RemoteWebDriver.execute(RemoteWebDriver.java:558)
	at org.openqa.selenium.remote.ElementLocation$ElementFinder$2.findElement(ElementLocation.java:162)
	at org.openqa.selenium.remote.ElementLocation.findElement(ElementLocation.java:60)
	at org.openqa.selenium.remote.RemoteWebDriver.findElement(RemoteWebDriver.java:382)
	at org.openqa.selenium.remote.RemoteWebDriver.findElement(RemoteWebDriver.java:374)
	at org.openqa.selenium.support.pagefactory.DefaultElementLocator.findElement(DefaultElementLocator.java:70)
	at org.openqa.selenium.support.pagefactory.internal.LocatingElementHandler.invoke(LocatingElementHandler.java:39)
	at jdk.proxy2/jdk.proxy2.$Proxy17.getText(Unknown Source)
	at utilities.GeneralUtilities.getValues(GeneralUtilities.java:17)
	at elementRepository.LoginPage.userPage(LoginPage.java:53)
	at executeClass.ExecuteLoginPage.verifyUnsuccessfulLogin(ExecuteLoginPage.java:47)
	at java.base/java.util.concurrent.FutureTask.run(FutureTask.java:264)
	at java.base/java.util.concurrent.ThreadPoolExecutor.runWorker(ThreadPoolExecutor.java:1136)
	at java.base/java.util.concurrent.ThreadPoolExecutor$Worker.run(ThreadPoolExecutor.java:635)
	at java.base/java.lang.Thread.run(Thread.java:833)
... Removed 21 stack frames</div></td></tr></table><p class="totop"><a href="#summary">back to summary</a></p>
<h3 id="m2">executeClass.ExecuteLoginPage#verifyUnsuccessfulLogin</h3><table class="result"><tr class="param"><th>Parameter #1</th><th>Parameter #2</th></tr><tr class="param stripe"><td>admin123</td><td>admin123</td></tr><tr><th colspan="2">Exception</th></tr><tr><td colspan="2"><div class="stacktrace">org.openqa.selenium.NoSuchElementException: no such element: Unable to locate element: {&quot;method&quot;:&quot;xpath&quot;,&quot;selector&quot;:&quot;(//a[@class=&apos;nav-link&apos;])[2]&quot;}
  (Session info: chrome=101.0.4951.67)
For documentation on this error, please visit: https://selenium.dev/exceptions/#no_such_element
Build info: version: &apos;4.1.2&apos;, revision: &apos;9a5a329c5a&apos;
System info: host: &apos;LAPTOP-KI9HM9P0&apos;, ip: &apos;192.168.0.153&apos;, os.name: &apos;Windows 11&apos;, os.arch: &apos;amd64&apos;, os.version: &apos;10.0&apos;, java.version: &apos;17.0.2&apos;
Driver info: org.openqa.selenium.chrome.ChromeDriver
Command: [2ca1bd6df880ea69f85174f5c9a25082, findElement {using=xpath, value=(//a[@class=&apos;nav-link&apos;])[2]}]
Capabilities {acceptInsecureCerts: false, browserName: chrome, browserVersion: 101.0.4951.67, chrome: {chromedriverVersion: 101.0.4951.41 (93c720db8323..., userDataDir: C:\Users\nidhi\AppData\Loca...}, goog:chromeOptions: {debuggerAddress: localhost:51992}, javascriptEnabled: true, networkConnectionEnabled: false, pageLoadStrategy: normal, platform: WINDOWS, platformName: WINDOWS, proxy: Proxy(), se:cdp: ws://localhost:51992/devtoo..., se:cdpVersion: 101.0.4951.67, setWindowRect: true, strictFileInteractability: false, timeouts: {implicit: 0, pageLoad: 300000, script: 30000}, unhandledPromptBehavior: dismiss and notify, webauthn:extension:credBlob: true, webauthn:extension:largeBlob: true, webauthn:virtualAuthenticators: true}
Session ID: 2ca1bd6df880ea69f85174f5c9a25082
	at org.openqa.selenium.remote.codec.w3c.W3CHttpResponseCodec.createException(W3CHttpResponseCodec.java:200)
	at org.openqa.selenium.remote.codec.w3c.W3CHttpResponseCodec.decode(W3CHttpResponseCodec.java:133)
	at org.openqa.selenium.remote.codec.w3c.W3CHttpResponseCodec.decode(W3CHttpResponseCodec.java:53)
	at org.openqa.selenium.remote.HttpCommandExecutor.execute(HttpCommandExecutor.java:184)
	at org.openqa.selenium.remote.service.DriverCommandExecutor.invokeExecute(DriverCommandExecutor.java:167)
	at org.openqa.selenium.remote.service.DriverCommandExecutor.execute(DriverCommandExecutor.java:142)
	at org.openqa.selenium.remote.RemoteWebDriver.execute(RemoteWebDriver.java:558)
	at org.openqa.selenium.remote.ElementLocation$ElementFinder$2.findElement(ElementLocation.java:162)
	at org.openqa.selenium.remote.ElementLocation.findElement(ElementLocation.java:60)
	at org.openqa.selenium.remote.RemoteWebDriver.findElement(RemoteWebDriver.java:382)
	at org.openqa.selenium.remote.RemoteWebDriver.findElement(RemoteWebDriver.java:374)
	at org.openqa.selenium.support.pagefactory.DefaultElementLocator.findElement(DefaultElementLocator.java:70)
	at org.openqa.selenium.support.pagefactory.internal.LocatingElementHandler.invoke(LocatingElementHandler.java:39)
	at jdk.proxy2/jdk.proxy2.$Proxy17.getText(Unknown Source)
	at utilities.GeneralUtilities.getValues(GeneralUtilities.java:17)
	at elementRepository.LoginPage.userPage(LoginPage.java:53)
	at executeClass.ExecuteLoginPage.verifyUnsuccessfulLogin(ExecuteLoginPage.java:47)
	at java.base/java.util.concurrent.FutureTask.run(FutureTask.java:264)
	at java.base/java.util.concurrent.ThreadPoolExecutor.runWorker(ThreadPoolExecutor.java:1136)
	at java.base/java.util.concurrent.ThreadPoolExecutor$Worker.run(ThreadPoolExecutor.java:635)
	at java.base/java.lang.Thread.run(Thread.java:833)
... Removed 21 stack frames</div></td></tr></table><p class="totop"><a href="#summary">back to summary</a></p>
<h3 id="m3">executeClass.ExecuteManageProductPage#verifyTheSearchProduct</h3><table class="result"><tr><th>Exception</th></tr><tr><td><div class="stacktrace">java.lang.AssertionError: expected [apple] but found [apple P789 Combo]
	at executeClass.ExecuteManageProductPage.verifyTheSearchProduct(ExecuteManageProductPage.java:74)
	at java.base/java.util.concurrent.FutureTask.run(FutureTask.java:264)
	at java.base/java.util.concurrent.ThreadPoolExecutor.runWorker(ThreadPoolExecutor.java:1136)
	at java.base/java.util.concurrent.ThreadPoolExecutor$Worker.run(ThreadPoolExecutor.java:635)
	at java.base/java.lang.Thread.run(Thread.java:833)
... Removed 22 stack frames</div></td></tr></table><p class="totop"><a href="#summary">back to summary</a></p>
<h3 id="m4">executeClass.ExecuteAdminUserPage#isActiveButtonEnable</h3><table class="result"><tr><th class="invisible"/></tr></table><p class="totop"><a href="#summary">back to summary</a></p>
<h3 id="m5">executeClass.ExecuteAdminUserPage#isNewButtonDisplayed</h3><table class="result"><tr><th class="invisible"/></tr></table><p class="totop"><a href="#summary">back to summary</a></p>
<h3 id="m6">executeClass.ExecuteAdminUserPage#isSearchButtonEnable</h3><table class="result"><tr><th class="invisible"/></tr></table><p class="totop"><a href="#summary">back to summary</a></p>
<h3 id="m7">executeClass.ExecuteAdminUserPage#verifyAddTheNewAdminUser</h3><table class="result"><tr><th class="invisible"/></tr></table><p class="totop"><a href="#summary">back to summary</a></p>
<h3 id="m8">executeClass.ExecuteCategoryPage#isNewButtonEnable</h3><table class="result"><tr><th class="invisible"/></tr></table><p class="totop"><a href="#summary">back to summary</a></p>
<h3 id="m9">executeClass.ExecuteCategoryPage#isSearchButtonEnable</h3><table class="result"><tr><th class="invisible"/></tr></table><p class="totop"><a href="#summary">back to summary</a></p>
<h3 id="m10">executeClass.ExecuteCategoryPage#isSearchFunctionalityWorkingFineOrNot</h3><table class="result"><tr><th class="invisible"/></tr></table><p class="totop"><a href="#summary">back to summary</a></p>
<h3 id="m11">executeClass.ExecuteCategoryPage#isSearchValueActiveEnable</h3><table class="result"><tr><th class="invisible"/></tr></table><p class="totop"><a href="#summary">back to summary</a></p>
<h3 id="m12">executeClass.ExecuteCategoryPage#verifyTheCategoryToHomePage</h3><table class="result"><tr><th class="invisible"/></tr></table><p class="totop"><a href="#summary">back to summary</a></p>
<h3 id="m13">executeClass.ExecuteCategoryPage#verifyTheMoreInfoIsClickableOrNotInCategoryPageList</h3><table class="result"><tr><th class="invisible"/></tr></table><p class="totop"><a href="#summary">back to summary</a></p>
<h3 id="m14">executeClass.ExecuteDashboardPage#isDashboardPageDisplayed</h3><table class="result"><tr><th class="invisible"/></tr></table><p class="totop"><a href="#summary">back to summary</a></p>
<h3 id="m15">executeClass.ExecuteDashboardPage#verifyTheLogut</h3><table class="result"><tr><th class="invisible"/></tr></table><p class="totop"><a href="#summary">back to summary</a></p>
<h3 id="m16">executeClass.ExecuteLoginPage#verifyTheSuccessfulLogin</h3><table class="result"><tr><th class="invisible"/></tr></table><p class="totop"><a href="#summary">back to summary</a></p>
<h3 id="m17">executeClass.ExecuteLoginPage#verifyThecheckBox</h3><table class="result"><tr><th class="invisible"/></tr></table><p class="totop"><a href="#summary">back to summary</a></p>
<h3 id="m18">executeClass.ExecuteManageOfferCodePage#VerifyTheManageProductToHomePage</h3><table class="result"><tr><th class="invisible"/></tr></table><p class="totop"><a href="#summary">back to summary</a></p>
<h3 id="m19">executeClass.ExecuteManageOfferCodePage#isNewButtonEnable</h3><table class="result"><tr><th class="invisible"/></tr></table><p class="totop"><a href="#summary">back to summary</a></p>
<h3 id="m20">executeClass.ExecuteManageOfferCodePage#isSearchButtonEnable</h3><table class="result"><tr><th class="invisible"/></tr></table><p class="totop"><a href="#summary">back to summary</a></p>
<h3 id="m21">executeClass.ExecuteManageOfferCodePage#verifyTheMoreInfoIsClickableOrNotInManageOfferCode</h3><table class="result"><tr><th class="invisible"/></tr></table><p class="totop"><a href="#summary">back to summary</a></p>
<h3 id="m22">executeClass.ExecuteManageProductPage#VerifyTheManageProductToHomePage</h3><table class="result"><tr><th class="invisible"/></tr></table><p class="totop"><a href="#summary">back to summary</a></p>
<h3 id="m23">executeClass.ExecuteManageProductPage#isEditButtonInProduct</h3><table class="result"><tr><th class="invisible"/></tr></table><p class="totop"><a href="#summary">back to summary</a></p>
<h3 id="m24">executeClass.ExecuteManageProductPage#isNewButtonEnable</h3><table class="result"><tr><th class="invisible"/></tr></table><p class="totop"><a href="#summary">back to summary</a></p>
<h3 id="m25">executeClass.ExecuteManageProductPage#isSearchButtonEnable</h3><table class="result"><tr><th class="invisible"/></tr></table><p class="totop"><a href="#summary">back to summary</a></p>
<h3 id="m26">executeClass.ExecuteManageProductPage#verifyTheMoreInfoIsClickableOrNotInManageProductList</h3><table class="result"><tr><th class="invisible"/></tr></table><p class="totop"><a href="#summary">back to summary</a></p>
<h3 id="m27">executeClass.ExecuteMangePage#isNewButtonDisplayed</h3><table class="result"><tr><th class="invisible"/></tr></table><p class="totop"><a href="#summary">back to summary</a></p>
<h3 id="m28">executeClass.ExecuteMangePage#isSearchFunctionalityWorkingFineOrNot</h3><table class="result"><tr><th class="invisible"/></tr></table><p class="totop"><a href="#summary">back to summary</a></p>
<h3 id="m29">executeClass.ExecuteMangePage#isafterUpdateAlertMessage</h3><table class="result"><tr><th class="invisible"/></tr></table><p class="totop"><a href="#summary">back to summary</a></p>
<h3 id="m30">executeClass.ExecuteMangePage#verifyTheMangePageToHomePage</h3><table class="result"><tr><th class="invisible"/></tr></table><p class="totop"><a href="#summary">back to summary</a></p>
<h3 id="m31">executeClass.ExecuteMangePage#verifyTheMoreInfoIsClickableOrNotInManagePageList</h3><table class="result"><tr><th class="invisible"/></tr></table><p class="totop"><a href="#summary">back to summary</a></p>
<h2>Edge Browser Test</h2><h3 id="m32">executeClass.ExecuteLoginPage#verifyUnsuccessfulLogin</h3><table class="result"><tr class="param"><th>Parameter #1</th><th>Parameter #2</th></tr><tr class="param stripe"><td>admin</td><td>admin123</td></tr><tr><th colspan="2">Exception</th></tr><tr><td colspan="2"><div class="stacktrace">org.openqa.selenium.NoSuchElementException: no such element: Unable to locate element: {&quot;method&quot;:&quot;xpath&quot;,&quot;selector&quot;:&quot;(//a[@class=&apos;nav-link&apos;])[2]&quot;}
  (Session info: MicrosoftEdge=101.0.1210.53)
For documentation on this error, please visit: https://selenium.dev/exceptions/#no_such_element
Build info: version: &apos;4.1.2&apos;, revision: &apos;9a5a329c5a&apos;
System info: host: &apos;LAPTOP-KI9HM9P0&apos;, ip: &apos;192.168.0.153&apos;, os.name: &apos;Windows 11&apos;, os.arch: &apos;amd64&apos;, os.version: &apos;10.0&apos;, java.version: &apos;17.0.2&apos;
Driver info: org.openqa.selenium.edge.EdgeDriver
Command: [9e5afc0d7d5ef37e5e5b00ec6971aa12, findElement {using=xpath, value=(//a[@class=&apos;nav-link&apos;])[2]}]
Capabilities {acceptInsecureCerts: false, browserName: msedge, browserVersion: 101.0.1210.53, javascriptEnabled: true, ms:edgeOptions: {debuggerAddress: localhost:51844}, msedge: {msedgedriverVersion: 101.0.1210.47 (f5323bd54bb6..., userDataDir: C:\Users\nidhi\AppData\Loca...}, networkConnectionEnabled: false, pageLoadStrategy: normal, platform: WINDOWS, platformName: WINDOWS, proxy: Proxy(), se:cdp: ws://localhost:51844/devtoo..., se:cdpVersion: 101.0.1210.53, setWindowRect: true, strictFileInteractability: false, timeouts: {implicit: 0, pageLoad: 300000, script: 30000}, unhandledPromptBehavior: dismiss and notify, webauthn:extension:credBlob: true, webauthn:extension:largeBlob: true, webauthn:virtualAuthenticators: true}
Session ID: 9e5afc0d7d5ef37e5e5b00ec6971aa12
	at org.openqa.selenium.remote.codec.w3c.W3CHttpResponseCodec.createException(W3CHttpResponseCodec.java:200)
	at org.openqa.selenium.remote.codec.w3c.W3CHttpResponseCodec.decode(W3CHttpResponseCodec.java:133)
	at org.openqa.selenium.remote.codec.w3c.W3CHttpResponseCodec.decode(W3CHttpResponseCodec.java:53)
	at org.openqa.selenium.remote.HttpCommandExecutor.execute(HttpCommandExecutor.java:184)
	at org.openqa.selenium.remote.service.DriverCommandExecutor.invokeExecute(DriverCommandExecutor.java:167)
	at org.openqa.selenium.remote.service.DriverCommandExecutor.execute(DriverCommandExecutor.java:142)
	at org.openqa.selenium.remote.RemoteWebDriver.execute(RemoteWebDriver.java:558)
	at org.openqa.selenium.remote.ElementLocation$ElementFinder$2.findElement(ElementLocation.java:162)
	at org.openqa.selenium.remote.ElementLocation.findElement(ElementLocation.java:60)
	at org.openqa.selenium.remote.RemoteWebDriver.findElement(RemoteWebDriver.java:382)
	at org.openqa.selenium.remote.RemoteWebDriver.findElement(RemoteWebDriver.java:374)
	at org.openqa.selenium.support.pagefactory.DefaultElementLocator.findElement(DefaultElementLocator.java:70)
	at org.openqa.selenium.support.pagefactory.internal.LocatingElementHandler.invoke(LocatingElementHandler.java:39)
	at jdk.proxy2/jdk.proxy2.$Proxy17.getText(Unknown Source)
	at utilities.GeneralUtilities.getValues(GeneralUtilities.java:17)
	at elementRepository.LoginPage.userPage(LoginPage.java:53)
	at executeClass.ExecuteLoginPage.verifyUnsuccessfulLogin(ExecuteLoginPage.java:47)
	at java.base/java.util.concurrent.FutureTask.run(FutureTask.java:264)
	at java.base/java.util.concurrent.ThreadPoolExecutor.runWorker(ThreadPoolExecutor.java:1136)
	at java.base/java.util.concurrent.ThreadPoolExecutor$Worker.run(ThreadPoolExecutor.java:635)
	at java.base/java.lang.Thread.run(Thread.java:833)
... Removed 21 stack frames</div></td></tr></table><p class="totop"><a href="#summary">back to summary</a></p>
<h3 id="m33">executeClass.ExecuteLoginPage#verifyUnsuccessfulLogin</h3><table class="result"><tr class="param"><th>Parameter #1</th><th>Parameter #2</th></tr><tr class="param stripe"><td>admin123</td><td>admin123</td></tr><tr><th colspan="2">Exception</th></tr><tr><td colspan="2"><div class="stacktrace">org.openqa.selenium.NoSuchElementException: no such element: Unable to locate element: {&quot;method&quot;:&quot;xpath&quot;,&quot;selector&quot;:&quot;(//a[@class=&apos;nav-link&apos;])[2]&quot;}
  (Session info: MicrosoftEdge=101.0.1210.53)
For documentation on this error, please visit: https://selenium.dev/exceptions/#no_such_element
Build info: version: &apos;4.1.2&apos;, revision: &apos;9a5a329c5a&apos;
System info: host: &apos;LAPTOP-KI9HM9P0&apos;, ip: &apos;192.168.0.153&apos;, os.name: &apos;Windows 11&apos;, os.arch: &apos;amd64&apos;, os.version: &apos;10.0&apos;, java.version: &apos;17.0.2&apos;
Driver info: org.openqa.selenium.edge.EdgeDriver
Command: [8758f3e6e393dc9bc4c0a6a8cedd96d3, findElement {using=xpath, value=(//a[@class=&apos;nav-link&apos;])[2]}]
Capabilities {acceptInsecureCerts: false, browserName: msedge, browserVersion: 101.0.1210.53, javascriptEnabled: true, ms:edgeOptions: {debuggerAddress: localhost:52021}, msedge: {msedgedriverVersion: 101.0.1210.47 (f5323bd54bb6..., userDataDir: C:\Users\nidhi\AppData\Loca...}, networkConnectionEnabled: false, pageLoadStrategy: normal, platform: WINDOWS, platformName: WINDOWS, proxy: Proxy(), se:cdp: ws://localhost:52021/devtoo..., se:cdpVersion: 101.0.1210.53, setWindowRect: true, strictFileInteractability: false, timeouts: {implicit: 0, pageLoad: 300000, script: 30000}, unhandledPromptBehavior: dismiss and notify, webauthn:extension:credBlob: true, webauthn:extension:largeBlob: true, webauthn:virtualAuthenticators: true}
Session ID: 8758f3e6e393dc9bc4c0a6a8cedd96d3
	at org.openqa.selenium.remote.codec.w3c.W3CHttpResponseCodec.createException(W3CHttpResponseCodec.java:200)
	at org.openqa.selenium.remote.codec.w3c.W3CHttpResponseCodec.decode(W3CHttpResponseCodec.java:133)
	at org.openqa.selenium.remote.codec.w3c.W3CHttpResponseCodec.decode(W3CHttpResponseCodec.java:53)
	at org.openqa.selenium.remote.HttpCommandExecutor.execute(HttpCommandExecutor.java:184)
	at org.openqa.selenium.remote.service.DriverCommandExecutor.invokeExecute(DriverCommandExecutor.java:167)
	at org.openqa.selenium.remote.service.DriverCommandExecutor.execute(DriverCommandExecutor.java:142)
	at org.openqa.selenium.remote.RemoteWebDriver.execute(RemoteWebDriver.java:558)
	at org.openqa.selenium.remote.ElementLocation$ElementFinder$2.findElement(ElementLocation.java:162)
	at org.openqa.selenium.remote.ElementLocation.findElement(ElementLocation.java:60)
	at org.openqa.selenium.remote.RemoteWebDriver.findElement(RemoteWebDriver.java:382)
	at org.openqa.selenium.remote.RemoteWebDriver.findElement(RemoteWebDriver.java:374)
	at org.openqa.selenium.support.pagefactory.DefaultElementLocator.findElement(DefaultElementLocator.java:70)
	at org.openqa.selenium.support.pagefactory.internal.LocatingElementHandler.invoke(LocatingElementHandler.java:39)
	at jdk.proxy2/jdk.proxy2.$Proxy17.getText(Unknown Source)
	at utilities.GeneralUtilities.getValues(GeneralUtilities.java:17)
	at elementRepository.LoginPage.userPage(LoginPage.java:53)
	at executeClass.ExecuteLoginPage.verifyUnsuccessfulLogin(ExecuteLoginPage.java:47)
	at java.base/java.util.concurrent.FutureTask.run(FutureTask.java:264)
	at java.base/java.util.concurrent.ThreadPoolExecutor.runWorker(ThreadPoolExecutor.java:1136)
	at java.base/java.util.concurrent.ThreadPoolExecutor$Worker.run(ThreadPoolExecutor.java:635)
	at java.base/java.lang.Thread.run(Thread.java:833)
... Removed 21 stack frames</div></td></tr></table><p class="totop"><a href="#summary">back to summary</a></p>
<h3 id="m34">executeClass.ExecuteLoginPage#verifyUnsuccessfulLogin</h3><table class="result"><tr class="param"><th>Parameter #1</th><th>Parameter #2</th></tr><tr class="param stripe"><td>admin123</td><td>admin</td></tr><tr><th colspan="2">Exception</th></tr><tr><td colspan="2"><div class="stacktrace">org.openqa.selenium.NoSuchElementException: no such element: Unable to locate element: {&quot;method&quot;:&quot;xpath&quot;,&quot;selector&quot;:&quot;(//a[@class=&apos;nav-link&apos;])[2]&quot;}
  (Session info: MicrosoftEdge=101.0.1210.53)
For documentation on this error, please visit: https://selenium.dev/exceptions/#no_such_element
Build info: version: &apos;4.1.2&apos;, revision: &apos;9a5a329c5a&apos;
System info: host: &apos;LAPTOP-KI9HM9P0&apos;, ip: &apos;192.168.0.153&apos;, os.name: &apos;Windows 11&apos;, os.arch: &apos;amd64&apos;, os.version: &apos;10.0&apos;, java.version: &apos;17.0.2&apos;
Driver info: org.openqa.selenium.edge.EdgeDriver
Command: [8973ee7e01d067fd52318102fa0a6f99, findElement {using=xpath, value=(//a[@class=&apos;nav-link&apos;])[2]}]
Capabilities {acceptInsecureCerts: false, browserName: msedge, browserVersion: 101.0.1210.53, javascriptEnabled: true, ms:edgeOptions: {debuggerAddress: localhost:51933}, msedge: {msedgedriverVersion: 101.0.1210.47 (f5323bd54bb6..., userDataDir: C:\Users\nidhi\AppData\Loca...}, networkConnectionEnabled: false, pageLoadStrategy: normal, platform: WINDOWS, platformName: WINDOWS, proxy: Proxy(), se:cdp: ws://localhost:51933/devtoo..., se:cdpVersion: 101.0.1210.53, setWindowRect: true, strictFileInteractability: false, timeouts: {implicit: 0, pageLoad: 300000, script: 30000}, unhandledPromptBehavior: dismiss and notify, webauthn:extension:credBlob: true, webauthn:extension:largeBlob: true, webauthn:virtualAuthenticators: true}
Session ID: 8973ee7e01d067fd52318102fa0a6f99
	at org.openqa.selenium.remote.codec.w3c.W3CHttpResponseCodec.createException(W3CHttpResponseCodec.java:200)
	at org.openqa.selenium.remote.codec.w3c.W3CHttpResponseCodec.decode(W3CHttpResponseCodec.java:133)
	at org.openqa.selenium.remote.codec.w3c.W3CHttpResponseCodec.decode(W3CHttpResponseCodec.java:53)
	at org.openqa.selenium.remote.HttpCommandExecutor.execute(HttpCommandExecutor.java:184)
	at org.openqa.selenium.remote.service.DriverCommandExecutor.invokeExecute(DriverCommandExecutor.java:167)
	at org.openqa.selenium.remote.service.DriverCommandExecutor.execute(DriverCommandExecutor.java:142)
	at org.openqa.selenium.remote.RemoteWebDriver.execute(RemoteWebDriver.java:558)
	at org.openqa.selenium.remote.ElementLocation$ElementFinder$2.findElement(ElementLocation.java:162)
	at org.openqa.selenium.remote.ElementLocation.findElement(ElementLocation.java:60)
	at org.openqa.selenium.remote.RemoteWebDriver.findElement(RemoteWebDriver.java:382)
	at org.openqa.selenium.remote.RemoteWebDriver.findElement(RemoteWebDriver.java:374)
	at org.openqa.selenium.support.pagefactory.DefaultElementLocator.findElement(DefaultElementLocator.java:70)
	at org.openqa.selenium.support.pagefactory.internal.LocatingElementHandler.invoke(LocatingElementHandler.java:39)
	at jdk.proxy2/jdk.proxy2.$Proxy17.getText(Unknown Source)
	at utilities.GeneralUtilities.getValues(GeneralUtilities.java:17)
	at elementRepository.LoginPage.userPage(LoginPage.java:53)
	at executeClass.ExecuteLoginPage.verifyUnsuccessfulLogin(ExecuteLoginPage.java:47)
	at java.base/java.util.concurrent.FutureTask.run(FutureTask.java:264)
	at java.base/java.util.concurrent.ThreadPoolExecutor.runWorker(ThreadPoolExecutor.java:1136)
	at java.base/java.util.concurrent.ThreadPoolExecutor$Worker.run(ThreadPoolExecutor.java:635)
	at java.base/java.lang.Thread.run(Thread.java:833)
... Removed 21 stack frames</div></td></tr></table><p class="totop"><a href="#summary">back to summary</a></p>
<h3 id="m35">executeClass.ExecuteManageProductPage#verifyTheSearchProduct</h3><table class="result"><tr><th>Exception</th></tr><tr><td><div class="stacktrace">java.lang.AssertionError: expected [apple] but found [apple P789 Combo]
	at executeClass.ExecuteManageProductPage.verifyTheSearchProduct(ExecuteManageProductPage.java:74)
	at java.base/java.util.concurrent.FutureTask.run(FutureTask.java:264)
	at java.base/java.util.concurrent.ThreadPoolExecutor.runWorker(ThreadPoolExecutor.java:1136)
	at java.base/java.util.concurrent.ThreadPoolExecutor$Worker.run(ThreadPoolExecutor.java:635)
	at java.base/java.lang.Thread.run(Thread.java:833)
... Removed 22 stack frames</div></td></tr></table><p class="totop"><a href="#summary">back to summary</a></p>
<h3 id="m36">executeClass.ExecuteAdminUserPage#isActiveButtonEnable</h3><table class="result"><tr><th class="invisible"/></tr></table><p class="totop"><a href="#summary">back to summary</a></p>
<h3 id="m37">executeClass.ExecuteAdminUserPage#isNewButtonDisplayed</h3><table class="result"><tr><th class="invisible"/></tr></table><p class="totop"><a href="#summary">back to summary</a></p>
<h3 id="m38">executeClass.ExecuteAdminUserPage#isSearchButtonEnable</h3><table class="result"><tr><th class="invisible"/></tr></table><p class="totop"><a href="#summary">back to summary</a></p>
<h3 id="m39">executeClass.ExecuteAdminUserPage#verifyAddTheNewAdminUser</h3><table class="result"><tr><th class="invisible"/></tr></table><p class="totop"><a href="#summary">back to summary</a></p>
<h3 id="m40">executeClass.ExecuteCategoryPage#isNewButtonEnable</h3><table class="result"><tr><th class="invisible"/></tr></table><p class="totop"><a href="#summary">back to summary</a></p>
<h3 id="m41">executeClass.ExecuteCategoryPage#isSearchButtonEnable</h3><table class="result"><tr><th class="invisible"/></tr></table><p class="totop"><a href="#summary">back to summary</a></p>
<h3 id="m42">executeClass.ExecuteCategoryPage#isSearchFunctionalityWorkingFineOrNot</h3><table class="result"><tr><th class="invisible"/></tr></table><p class="totop"><a href="#summary">back to summary</a></p>
<h3 id="m43">executeClass.ExecuteCategoryPage#isSearchValueActiveEnable</h3><table class="result"><tr><th class="invisible"/></tr></table><p class="totop"><a href="#summary">back to summary</a></p>
<h3 id="m44">executeClass.ExecuteCategoryPage#verifyTheCategoryToHomePage</h3><table class="result"><tr><th class="invisible"/></tr></table><p class="totop"><a href="#summary">back to summary</a></p>
<h3 id="m45">executeClass.ExecuteCategoryPage#verifyTheMoreInfoIsClickableOrNotInCategoryPageList</h3><table class="result"><tr><th class="invisible"/></tr></table><p class="totop"><a href="#summary">back to summary</a></p>
<h3 id="m46">executeClass.ExecuteDashboardPage#isDashboardPageDisplayed</h3><table class="result"><tr><th class="invisible"/></tr></table><p class="totop"><a href="#summary">back to summary</a></p>
<h3 id="m47">executeClass.ExecuteDashboardPage#verifyTheLogut</h3><table class="result"><tr><th class="invisible"/></tr></table><p class="totop"><a href="#summary">back to summary</a></p>
<h3 id="m48">executeClass.ExecuteLoginPage#verifyTheSuccessfulLogin</h3><table class="result"><tr><th class="invisible"/></tr></table><p class="totop"><a href="#summary">back to summary</a></p>
<h3 id="m49">executeClass.ExecuteLoginPage#verifyThecheckBox</h3><table class="result"><tr><th class="invisible"/></tr></table><p class="totop"><a href="#summary">back to summary</a></p>
<h3 id="m50">executeClass.ExecuteManageOfferCodePage#VerifyTheManageProductToHomePage</h3><table class="result"><tr><th class="invisible"/></tr></table><p class="totop"><a href="#summary">back to summary</a></p>
<h3 id="m51">executeClass.ExecuteManageOfferCodePage#isNewButtonEnable</h3><table class="result"><tr><th class="invisible"/></tr></table><p class="totop"><a href="#summary">back to summary</a></p>
<h3 id="m52">executeClass.ExecuteManageOfferCodePage#isSearchButtonEnable</h3><table class="result"><tr><th class="invisible"/></tr></table><p class="totop"><a href="#summary">back to summary</a></p>
<h3 id="m53">executeClass.ExecuteManageOfferCodePage#verifyTheMoreInfoIsClickableOrNotInManageOfferCode</h3><table class="result"><tr><th class="invisible"/></tr></table><p class="totop"><a href="#summary">back to summary</a></p>
<h3 id="m54">executeClass.ExecuteManageProductPage#VerifyTheManageProductToHomePage</h3><table class="result"><tr><th class="invisible"/></tr></table><p class="totop"><a href="#summary">back to summary</a></p>
<h3 id="m55">executeClass.ExecuteManageProductPage#isEditButtonInProduct</h3><table class="result"><tr><th class="invisible"/></tr></table><p class="totop"><a href="#summary">back to summary</a></p>
<h3 id="m56">executeClass.ExecuteManageProductPage#isNewButtonEnable</h3><table class="result"><tr><th class="invisible"/></tr></table><p class="totop"><a href="#summary">back to summary</a></p>
<h3 id="m57">executeClass.ExecuteManageProductPage#isSearchButtonEnable</h3><table class="result"><tr><th class="invisible"/></tr></table><p class="totop"><a href="#summary">back to summary</a></p>
<h3 id="m58">executeClass.ExecuteManageProductPage#verifyTheMoreInfoIsClickableOrNotInManageProductList</h3><table class="result"><tr><th class="invisible"/></tr></table><p class="totop"><a href="#summary">back to summary</a></p>
<h3 id="m59">executeClass.ExecuteMangePage#isNewButtonDisplayed</h3><table class="result"><tr><th class="invisible"/></tr></table><p class="totop"><a href="#summary">back to summary</a></p>
<h3 id="m60">executeClass.ExecuteMangePage#isSearchFunctionalityWorkingFineOrNot</h3><table class="result"><tr><th class="invisible"/></tr></table><p class="totop"><a href="#summary">back to summary</a></p>
<h3 id="m61">executeClass.ExecuteMangePage#isafterUpdateAlertMessage</h3><table class="result"><tr><th class="invisible"/></tr></table><p class="totop"><a href="#summary">back to summary</a></p>
<h3 id="m62">executeClass.ExecuteMangePage#verifyTheMangePageToHomePage</h3><table class="result"><tr><th class="invisible"/></tr></table><p class="totop"><a href="#summary">back to summary</a></p>
<h3 id="m63">executeClass.ExecuteMangePage#verifyTheMoreInfoIsClickableOrNotInManagePageList</h3><table class="result"><tr><th class="invisible"/></tr></table><p class="totop"><a href="#summary">back to summary</a></p>
</body>
</html>
